epoch,accuracy,loss,val_accuracy,val_loss
0,0.35767704248428345,1.7327309846878052,0.36979004740715027,2.1060521602630615
1,0.41925787925720215,1.616645336151123,0.27013474702835083,2.070047378540039
2,0.4603356420993805,1.5390567779541016,0.36979004740715027,1.9912350177764893
3,0.49450746178627014,1.4632129669189453,0.36979004740715027,1.9232956171035767
4,0.5226678848266602,1.3922902345657349,0.36979004740715027,1.8298823833465576
5,0.543850839138031,1.333998680114746,0.36979004740715027,1.7934828996658325
6,0.5573049187660217,1.2853305339813232,0.36979004740715027,1.7753510475158691
7,0.5749812126159668,1.2438044548034668,0.36979004740715027,1.7423386573791504
8,0.5855011343955994,1.1978813409805298,0.36979004740715027,1.7484192848205566
9,0.5997065901756287,1.1601195335388184,0.36979004740715027,1.7513670921325684
10,0.6097971200942993,1.1346606016159058,0.36979004740715027,1.67708158493042
11,0.6189215183258057,1.1058260202407837,0.372297078371048,1.6966100931167603
12,0.6299781799316406,1.0776387453079224,0.3710435628890991,1.7170594930648804
13,0.636454701423645,1.0638165473937988,0.39548730850219727,1.7193154096603394
14,0.6429312825202942,1.0426485538482666,0.46255093812942505,1.560393214225769
15,0.6453644633293152,1.0251429080963135,0.43403321504592896,1.5141854286193848
16,0.6527355313301086,1.0055736303329468,0.4688185453414917,1.3806122541427612
17,0.6549897789955139,0.9962177276611328,0.5405828952789307,1.2989808320999146
18,0.6578881740570068,0.9894580841064453,0.5252271890640259,1.3349313735961914
19,0.6676924228668213,0.9643846154212952,0.589156985282898,1.1199522018432617
20,0.6674777269363403,0.9616148471832275,0.6709495186805725,0.9474544525146484
21,0.6774251461029053,0.9401207566261292,0.6819179058074951,0.9514560103416443
22,0.6783554553985596,0.9317333102226257,0.6938263773918152,0.9188576936721802
23,0.6779260635375977,0.9278647303581238,0.6471325755119324,1.0516163110733032
24,0.6810033321380615,0.9173421859741211,0.7286117076873779,0.7976401448249817
25,0.6879450678825378,0.9018868803977966,0.6900658011436462,0.8564836382865906
26,0.6929545402526855,0.8912968635559082,0.7279849648475647,0.806879460811615
27,0.695244550704956,0.8822014331817627,0.7026010751724243,0.827656626701355
28,0.6989659070968628,0.8687037825584412,0.7201504111289978,0.780113697052002
29,0.7027945518493652,0.8615583777427673,0.7373864054679871,0.7549532651901245
30,0.7008981108665466,0.8572370409965515,0.6844249367713928,0.86126309633255
31,0.7027945518493652,0.8562397956848145,0.7261046767234802,0.7726042866706848
32,0.70497727394104,0.8417220711708069,0.7458477020263672,0.7794551253318787
33,0.7091995477676392,0.8338835835456848,0.6515198945999146,1.021726131439209
34,0.7090206742286682,0.8311173915863037,0.7709181904792786,0.6879474520683289
35,0.7134218215942383,0.8230913877487183,0.760890007019043,0.6832513809204102
36,0.7143163681030273,0.8135819435119629,0.7536822557449341,0.7119181752204895
37,0.7149962186813354,0.8102402091026306,0.744907557964325,0.7443099617958069
38,0.7168568968772888,0.8085670471191406,0.7207772135734558,0.8032010197639465
39,0.7215801477432251,0.7964183688163757,0.7402068376541138,0.747602105140686
40,0.7248720526695251,0.7880628108978271,0.725164532661438,0.7888712286949158
41,0.7248005270957947,0.7880448698997498,0.7455343008041382,0.7074323296546936
42,0.7252299189567566,0.7871106863021851,0.7539955973625183,0.7356634140014648
43,0.7271978855133057,0.7843226194381714,0.7085553407669067,0.823662281036377
44,0.7281997799873352,0.7727611064910889,0.7558758854866028,0.6965879797935486
45,0.7285934090614319,0.7711873054504395,0.7774991989135742,0.6370599865913391
46,0.7307045459747314,0.7651247382164001,0.7662174701690674,0.691173255443573
47,0.7304540872573853,0.7681871056556702,0.7800062894821167,0.6720951795578003
48,0.7361434102058411,0.7583499550819397,0.7762457132339478,0.6408640742301941
49,0.7343900799751282,0.7579540014266968,0.7922281622886658,0.6077466607093811
50,0.7349268198013306,0.7503977417945862,0.760576605796814,0.6695610284805298
51,0.7369306087493896,0.7501291632652283,0.7690379023551941,0.6859707832336426
52,0.7347837090492249,0.7522860169410706,0.7543089985847473,0.6770411729812622
53,0.7406877279281616,0.7362200021743774,0.7746787667274475,0.6456143260002136
54,0.7388628721237183,0.7388848066329956,0.776559054851532,0.65123051404953
55,0.7394711375236511,0.7388782501220703,0.7919147610664368,0.6177176833152771
56,0.7427988648414612,0.7319060564041138,0.788780927658081,0.6049644947052002
57,0.7367159128189087,0.7361077666282654,0.761203408241272,0.6636599898338318
58,0.7391848564147949,0.7301799654960632,0.7392666935920715,0.7582936882972717
59,0.746055006980896,0.7190619111061096,0.7637104392051697,0.6617867350578308
60,0.743872344493866,0.7251351475715637,0.7916013598442078,0.6125435829162598
61,0.7458045482635498,0.7190864086151123,0.7953619360923767,0.5975744724273682
62,0.7443017363548279,0.7186834216117859,0.7778126001358032,0.6356043815612793
63,0.7509929537773132,0.7041510939598083,0.8003760576248169,0.5834078192710876
64,0.7521021962165833,0.7070791721343994,0.7843936085700989,0.5878495573997498
65,0.750742495059967,0.7052722573280334,0.796615481376648,0.5726354122161865
66,0.75360506772995,0.7002736926078796,0.7326856851577759,0.7108674049377441
67,0.7494185566902161,0.7014675140380859,0.793168306350708,0.5874989032745361
68,0.7504204511642456,0.7020269632339478,0.7847070097923279,0.6099843382835388
69,0.7524600028991699,0.6985339522361755,0.8022563457489014,0.5813301205635071
70,0.7550005316734314,0.693146288394928,0.8104042410850525,0.5478311777114868
71,0.7568612098693848,0.6883413791656494,0.8025697469711304,0.5636328458786011
72,0.7545353770256042,0.6903901696205139,0.8104042410850525,0.5424054265022278
73,0.7583282589912415,0.6826469898223877,0.7912880182266235,0.6047208905220032
74,0.7582566738128662,0.6790878176689148,0.7934816479682922,0.5970810651779175
75,0.7568254470825195,0.6791802048683167,0.792854905128479,0.5939421057701111
76,0.7615844011306763,0.6777991652488708,0.7778126001358032,0.6045498847961426
77,0.7587218880653381,0.6800168752670288,0.8000626564025879,0.5595601797103882
78,0.7626936435699463,0.6745059490203857,0.7959887385368347,0.583110511302948
79,0.7584356069564819,0.6752340197563171,0.7897210717201233,0.6155347228050232
80,0.7602962851524353,0.6778546571731567,0.7878407835960388,0.6084991097450256
81,0.7592228055000305,0.6757391691207886,0.7897210717201233,0.5957115292549133
82,0.7616202235221863,0.6707018613815308,0.7721717357635498,0.6197526454925537
83,0.7596521973609924,0.6725794672966003,0.812597930431366,0.5462430119514465
84,0.7611908316612244,0.671433687210083,0.7646505832672119,0.6287554502487183
85,0.7658782601356506,0.660671591758728,0.796928882598877,0.5662588477134705
86,0.7634093165397644,0.6654696464538574,0.7499216794967651,0.6899473071098328
87,0.7635882496833801,0.6659993529319763,0.8031964898109436,0.5687291026115417
88,0.7634809017181396,0.6622966527938843,0.8078972101211548,0.5473564863204956
89,0.7671306133270264,0.6541603803634644,0.808837354183197,0.5381783843040466
90,0.7659856081008911,0.6549642086029053,0.7853337526321411,0.5980764627456665
91,0.7670232653617859,0.6524466276168823,0.8135380744934082,0.5426905155181885
92,0.7686692476272583,0.6474950313568115,0.8157317638397217,0.5350180268287659
93,0.7696353793144226,0.6469932198524475,0.796302080154419,0.5934334993362427
94,0.7670948505401611,0.6501852869987488,0.7978690266609192,0.5711549520492554
95,0.7670590877532959,0.648318886756897,0.8060169219970703,0.5854148864746094
96,0.7720327973365784,0.639447808265686,0.8053901791572571,0.5430371165275574
97,0.7732493877410889,0.6407247185707092,0.8044500350952148,0.563137412071228
98,0.7714244723320007,0.6373838186264038,0.796615481376648,0.5930099487304688
99,0.7679893970489502,0.6473942399024963,0.7831400632858276,0.5942233800888062
