epoch,accuracy,loss,val_accuracy,val_loss
0,0.4211153984069824,0.4922473430633545,0.10905671864748001,0.6996287107467651
1,0.4644883871078491,0.4175209105014801,0.10905671864748001,0.6310946941375732
2,0.5031987428665161,0.3901948034763336,0.10905671864748001,0.5964361429214478
3,0.5281382203102112,0.3690797686576843,0.10905671864748001,0.5555108785629272
4,0.5620052814483643,0.3478192985057831,0.10905671864748001,0.5229254364967346
5,0.5813423991203308,0.3327684700489044,0.10905671864748001,0.49731355905532837
6,0.6038240790367126,0.31810900568962097,0.10905671864748001,0.47374987602233887
7,0.6286189556121826,0.30395737290382385,0.10905671864748001,0.4602707624435425
8,0.6386669874191284,0.29469072818756104,0.10905671864748001,0.4664262533187866
9,0.6573896408081055,0.28155356645584106,0.36979004740715027,0.45120206475257874
10,0.6666787266731262,0.2729070782661438,0.36979004740715027,0.4333469271659851
11,0.6675823330879211,0.27208590507507324,0.36979004740715027,0.40045371651649475
12,0.6847146153450012,0.26119136810302734,0.36979004740715027,0.43322351574897766
13,0.6954855918884277,0.25498002767562866,0.3679097592830658,0.3751339018344879
14,0.6942928433418274,0.2504935562610626,0.36979004740715027,0.4137099087238312
15,0.6932446360588074,0.24988430738449097,0.3701034188270569,0.36146244406700134
16,0.7033288478851318,0.24319730699062347,0.4086493253707886,0.31145191192626953
17,0.7073047161102295,0.23917657136917114,0.3857724964618683,0.34561991691589355
18,0.7203888893127441,0.23354481160640717,0.4713256061077118,0.28951165080070496
19,0.7161600589752197,0.2336793690919876,0.5446568727493286,0.2516118586063385
20,0.7224130034446716,0.22991998493671417,0.5850830674171448,0.23875309526920319
21,0.7215455174446106,0.22828704118728638,0.6161078214645386,0.24318772554397583
22,0.7219792604446411,0.2266310602426529,0.6512064933776855,0.24006156623363495
23,0.7310152649879456,0.21986955404281616,0.6806643605232239,0.20692655444145203
24,0.7326779365539551,0.2196609079837799,0.7179567813873291,0.1886722594499588
25,0.7286659479141235,0.2196820229291916,0.6559072136878967,0.24502946436405182
26,0.7380995154380798,0.21440595388412476,0.689125657081604,0.20439399778842926
27,0.7413524985313416,0.21208912134170532,0.6837981939315796,0.2207891047000885
28,0.7367983460426331,0.21354180574417114,0.7226575016975403,0.18669813871383667
29,0.7441356182098389,0.20920319855213165,0.7120025157928467,0.18010826408863068
30,0.743376612663269,0.20877984166145325,0.6722030639648438,0.22345976531505585
31,0.7466657161712646,0.20810168981552124,0.7402068376541138,0.18188010156154633
32,0.7429066896438599,0.2088002860546112,0.7000940442085266,0.19313356280326843
33,0.7537137866020203,0.20342372357845306,0.7430272698402405,0.1701609492301941
34,0.753388524055481,0.2038690447807312,0.7489815354347229,0.17517977952957153
35,0.7542198300361633,0.20223835110664368,0.7596364617347717,0.17224062979221344
36,0.763725757598877,0.1965964138507843,0.6433719992637634,0.2627439796924591
37,0.7586655616760254,0.20122398436069489,0.7188969254493713,0.1977466344833374
38,0.7448223233222961,0.2058827131986618,0.7367596626281738,0.1879797726869583
39,0.7668702602386475,0.19430987536907196,0.7261046767234802,0.18467333912849426
40,0.7577619552612305,0.19862738251686096,0.760576605796814,0.1627301126718521
41,0.7671955823898315,0.19238141179084778,0.7098088264465332,0.18296580016613007
42,0.7607619166374207,0.1945335865020752,0.7326856851577759,0.17579865455627441
43,0.7550511360168457,0.19810262322425842,0.7593231201171875,0.16719593107700348
44,0.761412501335144,0.1950708031654358,0.7395800948143005,0.18162624537944794
45,0.761773943901062,0.19373412430286407,0.7850203514099121,0.15496858954429626
46,0.7666895389556885,0.1900232881307602,0.7749921679496765,0.14783313870429993
47,0.768713653087616,0.18943418562412262,0.7486681342124939,0.16792099177837372
48,0.7742798328399658,0.18627607822418213,0.7680977582931519,0.16104744374752045
49,0.7577619552612305,0.19660606980323792,0.7292385101318359,0.19858406484127045
50,0.7714967131614685,0.18691971898078918,0.617361307144165,0.30223074555397034
51,0.7488704919815063,0.20007389783859253,0.7602632641792297,0.16014543175697327
52,0.7634727358818054,0.19012144207954407,0.7740520238876343,0.15714706480503082
53,0.771243691444397,0.18717408180236816,0.7596364617347717,0.16415806114673615
54,0.7744244337081909,0.18364779651165009,0.7308053970336914,0.1810123771429062
55,0.7727979421615601,0.18285265564918518,0.7261046767234802,0.18672315776348114
56,0.776593029499054,0.18339812755584717,0.7781260013580322,0.16275744140148163
57,0.772472620010376,0.18220461905002594,0.7687245607376099,0.15803325176239014
58,0.7804965972900391,0.17856666445732117,0.7806330323219299,0.14929237961769104
59,0.7732678055763245,0.18305930495262146,0.6897523999214172,0.19545967876911163
60,0.7730509042739868,0.1846267133951187,0.6859918236732483,0.2136988639831543
61,0.7742075324058533,0.18354195356369019,0.7467878460884094,0.1738753318786621
62,0.775689423084259,0.18182295560836792,0.7944217920303345,0.14925260841846466
63,0.7810749411582947,0.178296759724617,0.7934816479682922,0.1510840207338333
64,0.7821230888366699,0.17553383111953735,0.7922281622886658,0.14889870584011078
65,0.7796652913093567,0.17660485208034515,0.7872140407562256,0.1491577923297882
66,0.7831351161003113,0.1759028285741806,0.7759323120117188,0.16865934431552887
67,0.7811833620071411,0.1769551932811737,0.7662174701690674,0.1652165651321411
68,0.7821953892707825,0.17585048079490662,0.6953932642936707,0.19962912797927856
69,0.7765207886695862,0.18230825662612915,0.7825133204460144,0.16074587404727936
70,0.7818339467048645,0.1765407919883728,0.7865872979164124,0.15108320116996765
71,0.7847977876663208,0.17534318566322327,0.7793794870376587,0.16236594319343567
72,0.7866772413253784,0.17048680782318115,0.7665308713912964,0.16475805640220642
73,0.7797014713287354,0.179822638630867,0.7790661454200745,0.16325581073760986
74,0.7899664044380188,0.17311137914657593,0.757129430770874,0.1704234629869461
75,0.7844363451004028,0.1734909862279892,0.7853337526321411,0.1475922167301178
76,0.7831712961196899,0.17209279537200928,0.7502350211143494,0.17986226081848145
77,0.7723641991615295,0.1815638691186905,0.7361328601837158,0.17840828001499176
78,0.7858821153640747,0.1728382706642151,0.7821999192237854,0.15124373137950897
79,0.7880145907402039,0.17155519127845764,0.7840802073478699,0.15397752821445465
80,0.79278564453125,0.16794608533382416,0.7959887385368347,0.14493653178215027
81,0.79759281873703,0.16735009849071503,0.757442831993103,0.18315215408802032
82,0.7863157987594604,0.1739213913679123,0.7897210717201233,0.15137836337089539
83,0.7894242405891418,0.1691361516714096,0.7706048488616943,0.16302192211151123
84,0.7907615303993225,0.16889086365699768,0.7577561736106873,0.18608899414539337
85,0.792098879814148,0.16989988088607788,0.7919147610664368,0.16551445424556732
86,0.7946650981903076,0.16482992470264435,0.8100908994674683,0.14073893427848816
87,0.7982434034347534,0.16662660241127014,0.8198056817054749,0.13600893318653107
88,0.7896410822868347,0.1695980280637741,0.8097774982452393,0.14348982274532318
89,0.7925326228141785,0.16536283493041992,0.8147916197776794,0.13252072036266327
90,0.7936530709266663,0.16701479256153107,0.8113443851470947,0.14382606744766235
91,0.7911229729652405,0.17166274785995483,0.8025697469711304,0.15381550788879395
92,0.796363890171051,0.16357822716236115,0.6856784820556641,0.21727202832698822
93,0.7917736172676086,0.1697637289762497,0.812284529209137,0.14092329144477844
94,0.7901471257209778,0.16851338744163513,0.8031964898109436,0.13598854839801788
95,0.7904723882675171,0.1655825674533844,0.7749921679496765,0.152586430311203
96,0.7957133054733276,0.1635347157716751,0.7950485944747925,0.14572647213935852
97,0.7970506548881531,0.1639871597290039,0.7674710154533386,0.16332077980041504
98,0.7923157811164856,0.1659553349018097,0.8057035207748413,0.14044106006622314
99,0.8035204410552979,0.16002777218818665,0.7696647047996521,0.17242160439491272
